<?xml version="1.0" encoding="UTF-8"?>
<testsuite xmlns:xsi="http://www.w3.org/2001/XMLSchema-instance" xsi:noNamespaceSchemaLocation="https://maven.apache.org/surefire/maven-surefire-plugin/xsd/surefire-test-report.xsd" name="org.vvss.project.TestAssignment" time="0.021" tests="14" errors="0" skipped="0" failures="0">
  <properties>
    <property name="java.specification.version" value="13"/>
    <property name="sun.jnu.encoding" value="UTF-8"/>
    <property name="java.class.path" value="/Users/marcel/SSVVGood/target/test-classes:/Users/marcel/SSVVGood/target/classes:/Users/marcel/.m2/repository/junit/junit/4.11/junit-4.11.jar:/Users/marcel/.m2/repository/org/hamcrest/hamcrest-core/1.3/hamcrest-core-1.3.jar:"/>
    <property name="java.vm.vendor" value="Oracle Corporation"/>
    <property name="sun.arch.data.model" value="64"/>
    <property name="java.vendor.url" value="https://java.oracle.com/"/>
    <property name="os.name" value="Mac OS X"/>
    <property name="java.vm.specification.version" value="13"/>
    <property name="sun.java.launcher" value="SUN_STANDARD"/>
    <property name="user.country" value="RO"/>
    <property name="sun.boot.library.path" value="/Library/Java/JavaVirtualMachines/jdk-13.0.1.jdk/Contents/Home/lib"/>
    <property name="sun.java.command" value="/Users/marcel/SSVVGood/target/surefire/surefirebooter9883793646031014037.jar /Users/marcel/SSVVGood/target/surefire 2020-04-07T18-20-15_350-jvmRun1 surefire6249413828718173610tmp surefire_014396881594292359226tmp"/>
    <property name="jdk.debug" value="release"/>
    <property name="surefire.test.class.path" value="/Users/marcel/SSVVGood/target/test-classes:/Users/marcel/SSVVGood/target/classes:/Users/marcel/.m2/repository/junit/junit/4.11/junit-4.11.jar:/Users/marcel/.m2/repository/org/hamcrest/hamcrest-core/1.3/hamcrest-core-1.3.jar:"/>
    <property name="sun.cpu.endian" value="little"/>
    <property name="user.home" value="/Users/marcel"/>
    <property name="user.language" value="en"/>
    <property name="java.specification.vendor" value="Oracle Corporation"/>
    <property name="java.version.date" value="2019-10-15"/>
    <property name="java.home" value="/Library/Java/JavaVirtualMachines/jdk-13.0.1.jdk/Contents/Home"/>
    <property name="file.separator" value="/"/>
    <property name="basedir" value="/Users/marcel/SSVVGood"/>
    <property name="java.vm.compressedOopsMode" value="Zero based"/>
    <property name="line.separator" value="&#10;"/>
    <property name="idea.version2019.2.3" value="true"/>
    <property name="java.vm.specification.vendor" value="Oracle Corporation"/>
    <property name="java.specification.name" value="Java Platform API Specification"/>
    <property name="surefire.real.class.path" value="/Users/marcel/SSVVGood/target/surefire/surefirebooter9883793646031014037.jar"/>
    <property name="sun.management.compiler" value="HotSpot 64-Bit Tiered Compilers"/>
    <property name="java.runtime.version" value="13.0.1+9"/>
    <property name="user.name" value="marcel"/>
    <property name="path.separator" value=":"/>
    <property name="os.version" value="10.15.3"/>
    <property name="java.runtime.name" value="Java(TM) SE Runtime Environment"/>
    <property name="file.encoding" value="UTF-8"/>
    <property name="java.vm.name" value="Java HotSpot(TM) 64-Bit Server VM"/>
    <property name="localRepository" value="/Users/marcel/.m2/repository"/>
    <property name="java.vendor.url.bug" value="https://bugreport.java.com/bugreport/"/>
    <property name="java.io.tmpdir" value="/var/folders/hv/xk59mtk16dg1zhfptb2xf0bh0000gp/T/"/>
    <property name="java.version" value="13.0.1"/>
    <property name="user.dir" value="/Users/marcel/SSVVGood"/>
    <property name="os.arch" value="x86_64"/>
    <property name="java.vm.specification.name" value="Java Virtual Machine Specification"/>
    <property name="java.library.path" value="/Users/marcel/Library/Java/Extensions:/Library/Java/Extensions:/Network/Library/Java/Extensions:/System/Library/Java/Extensions:/usr/lib/java:."/>
    <property name="java.vm.info" value="mixed mode, sharing"/>
    <property name="java.vendor" value="Oracle Corporation"/>
    <property name="java.vm.version" value="13.0.1+9"/>
    <property name="sun.io.unicode.encoding" value="UnicodeBig"/>
    <property name="java.class.version" value="57.0"/>
  </properties>
  <testcase name="testEmptyDescription" classname="org.vvss.project.TestAssignment" time="0.002"/>
  <testcase name="testIdDeadlineInvalid" classname="org.vvss.project.TestAssignment" time="0.001"/>
  <testcase name="testAssignmentIdNull" classname="org.vvss.project.TestAssignment" time="0.001"/>
  <testcase name="testAllInvalid" classname="org.vvss.project.TestAssignment" time="0.001"/>
  <testcase name="testDeadlineDeliverInvalid" classname="org.vvss.project.TestAssignment" time="0.001"/>
  <testcase name="testDeadlineWeekSmallerThanDeliverWeek" classname="org.vvss.project.TestAssignment" time="0.001"/>
  <testcase name="testDeliverWeekBiggerThan14" classname="org.vvss.project.TestAssignment" time="0.001"/>
  <testcase name="testDeadlineWeekBiggerThan14" classname="org.vvss.project.TestAssignment" time="0.001"/>
  <testcase name="testIdDeliverInvalid" classname="org.vvss.project.TestAssignment" time="0.001"/>
  <testcase name="testDeliverWeekSmallerThan1" classname="org.vvss.project.TestAssignment" time="0.001"/>
  <testcase name="testAssignmentIdSmallerThan1" classname="org.vvss.project.TestAssignment" time="0.001"/>
  <testcase name="testDescriptionNull" classname="org.vvss.project.TestAssignment" time="0.001"/>
  <testcase name="testAssignmentValid" classname="org.vvss.project.TestAssignment" time="0.003"/>
  <testcase name="testDeadlineWeekSmallerThan1" classname="org.vvss.project.TestAssignment" time="0.001"/>
</testsuite>